----------------------------------------------------------------------------------------------------------------------------------------------------------------------------------
      name:  <unnamed>
       log:  \\files\users\jappert\Documents\Stata\hw5.log
  log type:  text
 opened on:  17 Sep 2018, 16:36:19

. use CH5_HW

. drop if incwage==0 
(1,056,960 observations deleted)

. drop if incwage>900000
(571,797 observations deleted)

. 
. reg incwage uhrswork

      Source |       SS           df       MS      Number of obs   = 1,527,730
-------------+----------------------------------   F(1, 1527728)   >  99999.00
       Model |  7.6870e+14         1  7.6870e+14   Prob > F        =    0.0000
    Residual |  4.9056e+15 1,527,728  3.2110e+09   R-squared       =    0.1355
-------------+----------------------------------   Adj R-squared   =    0.1355
       Total |  5.6743e+15 1,527,729  3.7142e+09   Root MSE        =     56666

------------------------------------------------------------------------------
     incwage |      Coef.   Std. Err.      t    P>|t|     [95% Conf. Interval]
-------------+----------------------------------------------------------------
    uhrswork |   1749.427   3.575527   489.28   0.000      1742.42    1756.435
       _cons |  -18518.89   144.4553  -128.20   0.000    -18802.01   -18235.76
------------------------------------------------------------------------------

. 
. log close
      name:  <unnamed>
       log:  \\files\users\jappert\Documents\Stata\hw5.log
  log type:  text
 closed on:  17 Sep 2018, 16:36:20
----------------------------------------------------------------------------------------------------------------------------------------------------------------------------------
